INFO: Applying HLS Y2K22 patch v1.2 for IP revision
INFO: [HLS 200-10] Running 'C:/Xilinx/Vivado/2020.1/bin/unwrapped/win64.o/vivado_hls.exe'
INFO: [HLS 200-10] For user 'Administrator' on host 'sc-202203111316' (Windows NT_amd64 version 6.2) on Tue Jul 15 23:06:37 +1000 2025
INFO: [HLS 200-10] In directory 'C:/Users/Administrator/Desktop/6420_proj/COMP4601_prj_encryption'
Sourcing Tcl script 'C:/Users/Administrator/Desktop/6420_proj/COMP4601_prj_encryption/aes_hls/solution1/csim.tcl'
INFO: [HLS 200-10] Opening project 'C:/Users/Administrator/Desktop/6420_proj/COMP4601_prj_encryption/aes_hls'.
INFO: [HLS 200-10] Opening solution 'C:/Users/Administrator/Desktop/6420_proj/COMP4601_prj_encryption/aes_hls/solution1'.
INFO: [SYN 201-201] Setting up clock 'default' with a period of 10ns.
WARNING: [HLS 200-40] Cannot find library 'C:/Xilinx/Vivado/2020.1/common/technology/xilinx/Virtex-7/Virtex-7.lib'.
WARNING: [HLS 200-40] Cannot find library 'xilinx/Virtex-7/Virtex-7'.
WARNING: [HLS 200-40] Cannot find library 'C:/Xilinx/Vivado/2020.1/common/technology/xilinx/Virtex-7/Virtex-7_fpv7.lib'.
WARNING: [HLS 200-40] Cannot find library 'xilinx/Virtex-7/Virtex-7_fpv7'.
INFO: [HLS 200-10] Setting target device to 'xc7vx485t-ffg1157-1'
INFO: [SIM 211-2] *************** CSIM start ***************
INFO: [SIM 211-4] CSIM will launch GCC as the compiler.
   Compiling ../../../../AES_hls_cpp/aes_cipher.cpp in debug mode
   Generating csim.exe
In file included from C:/Xilinx/Vivado/2020.1/include/floating_point_v7_0_bitacc_cmodel.h:143:0,
                 from C:/Xilinx/Vivado/2020.1/include/hls_fpo.h:186,
                 from C:/Xilinx/Vivado/2020.1/include/hls_half.h:44,
                 from C:/Xilinx/Vivado/2020.1/include/etc/ap_private.h:90,
                 from C:/Xilinx/Vivado/2020.1/include/ap_common.h:641,
                 from C:/Xilinx/Vivado/2020.1/include/ap_int.h:54,
                 from ../../../../AES_hls_cpp/aes_cipher.cpp:1:
C:/Xilinx/Vivado/2020.1/include/gmp.h:62:0: warning: "__GMP_LIBGMP_DLL" redefined
 #define __GMP_LIBGMP_DLL  0
 
In file included from C:/Xilinx/Vivado/2020.1/include/hls_fpo.h:186:0,
                 from C:/Xilinx/Vivado/2020.1/include/hls_half.h:44,
                 from C:/Xilinx/Vivado/2020.1/include/etc/ap_private.h:90,
                 from C:/Xilinx/Vivado/2020.1/include/ap_common.h:641,
                 from C:/Xilinx/Vivado/2020.1/include/ap_int.h:54,
                 from ../../../../AES_hls_cpp/aes_cipher.cpp:1:
C:/Xilinx/Vivado/2020.1/include/floating_point_v7_0_bitacc_cmodel.h:135:0: note: this is the location of the previous definition
 #define __GMP_LIBGMP_DLL 1
 
WARNING: Bitsize mismatch for ap_[u]int^=ap_[u]int.
WARNING: Bitsize mismatch for ap_[u]int^=ap_[u]int.
WARNING: Bitsize mismatch for ap_[u]int^=ap_[u]int.
WARNING: Bitsize mismatch for ap_[u]int^=ap_[u]int.
WARNING: Bitsize mismatch for ap_[u]int^=ap_[u]int.
WARNING: Bitsize mismatch for ap_[u]int^=ap_[u]int.
WARNING: Bitsize mismatch for ap_[u]int^=ap_[u]int.
WARNING: Bitsize mismatch for ap_[u]int^=ap_[u]int.
WARNING: Bitsize mismatch for ap_[u]int^=ap_[u]int.
WARNING: Bitsize mismatch for ap_[u]int^=ap_[u]int.
WARNING: Bitsize mismatch for ap_[u]int^=ap_[u]int.
WARNING: Bitsize mismatch for ap_[u]int^=ap_[u]int.
WARNING: Bitsize mismatch for ap_[u]int^=ap_[u]int.
WARNING: Bitsize mismatch for ap_[u]int^=ap_[u]int.
WARNING: Bitsize mismatch for ap_[u]int^=ap_[u]int.
WARNING: Bitsize mismatch for ap_[u]int^=ap_[u]int.
WARNING: Bitsize mismatch for ap_[u]int^=ap_[u]int.
WARNING: Bitsize mismatch for ap_[u]int^=ap_[u]int.
WARNING: Bitsize mismatch for ap_[u]int^=ap_[u]int.
WARNING: Bitsize mismatch for ap_[u]int^=ap_[u]int.
WARNING: Bitsize mismatch for ap_[u]int^=ap_[u]int.
WARNING: Bitsize mismatch for ap_[u]int^=ap_[u]int.
WARNING: Bitsize mismatch for ap_[u]int^=ap_[u]int.
WARNING: Bitsize mismatch for ap_[u]int^=ap_[u]int.
WARNING: Bitsize mismatch for ap_[u]int^=ap_[u]int.
WARNING: Bitsize mismatch for ap_[u]int^=ap_[u]int.
WARNING: Bitsize mismatch for ap_[u]int^=ap_[u]int.
WARNING: Bitsize mismatch for ap_[u]int^=ap_[u]int.
WARNING: Bitsize mismatch for ap_[u]int^=ap_[u]int.
WARNING: Bitsize mismatch for ap_[u]int^=ap_[u]int.
WARNING: Bitsize mismatch for ap_[u]int^=ap_[u]int.
WARNING: Bitsize mismatch for ap_[u]int^=ap_[u]int.
WARNING: Bitsize mismatch for ap_[u]int^=ap_[u]int.
WARNING: Bitsize mismatch for ap_[u]int^=ap_[u]int.
WARNING: Bitsize mismatch for ap_[u]int^=ap_[u]int.
WARNING: Bitsize mismatch for ap_[u]int^=ap_[u]int.
WARNING: Bitsize mismatch for ap_[u]int^=ap_[u]int.
WARNING: Bitsize mismatch for ap_[u]int^=ap_[u]int.
WARNING: Bitsize mismatch for ap_[u]int^=ap_[u]int.
WARNING: Bitsize mismatch for ap_[u]int^=ap_[u]int.
WARNING: Bitsize mismatch for ap_[u]int^=ap_[u]int.
WARNING: Bitsize mismatch for ap_[u]int^=ap_[u]int.
WARNING: Bitsize mismatch for ap_[u]int^=ap_[u]int.
WARNING: Bitsize mismatch for ap_[u]int^=ap_[u]int.
WARNING: Bitsize mismatch for ap_[u]int^=ap_[u]int.
WARNING: Bitsize mismatch for ap_[u]int^=ap_[u]int.
WARNING: Bitsize mismatch for ap_[u]int^=ap_[u]int.
WARNING: Bitsize mismatch for ap_[u]int^=ap_[u]int.
WARNING: Bitsize mismatch for ap_[u]int^=ap_[u]int.
WARNING: Bitsize mismatch for ap_[u]int^=ap_[u]int.
WARNING: Bitsize mismatch for ap_[u]int^=ap_[u]int.
WARNING: Bitsize mismatch for ap_[u]int^=ap_[u]int.
WARNING: Bitsize mismatch for ap_[u]int^=ap_[u]int.
WARNING: Bitsize mismatch for ap_[u]int^=ap_[u]int.
WARNING: Bitsize mismatch for ap_[u]int^=ap_[u]int.
WARNING: Bitsize mismatch for ap_[u]int^=ap_[u]int.
WARNING: Bitsize mismatch for ap_[u]int^=ap_[u]int.
WARNING: Bitsize mismatch for ap_[u]int^=ap_[u]int.
WARNING: Bitsize mismatch for ap_[u]int^=ap_[u]int.
WARNING: Bitsize mismatch for ap_[u]int^=ap_[u]int.
WARNING: Bitsize mismatch for ap_[u]int^=ap_[u]int.
WARNING: Bitsize mismatch for ap_[u]int^=ap_[u]int.
WARNING: Bitsize mismatch for ap_[u]int^=ap_[u]int.
WARNING: Bitsize mismatch for ap_[u]int^=ap_[u]int.
WARNING: Bitsize mismatch for ap_[u]int^=ap_[u]int.
WARNING: Bitsize mismatch for ap_[u]int^=ap_[u]int.
WARNING: Bitsize mismatch for ap_[u]int^=ap_[u]int.
WARNING: Bitsize mismatch for ap_[u]int^=ap_[u]int.
WARNING: Bitsize mismatch for ap_[u]int^=ap_[u]int.
WARNING: Bitsize mismatch for ap_[u]int^=ap_[u]int.
WARNING: Bitsize mismatch for ap_[u]int^=ap_[u]int.
WARNING: Bitsize mismatch for ap_[u]int^=ap_[u]int.
WARNING: Bitsize mismatch for ap_[u]int^=ap_[u]int.
WARNING: Bitsize mismatch for ap_[u]int^=ap_[u]int.
WARNING: Bitsize mismatch for ap_[u]int^=ap_[u]int.
WARNING: Bitsize mismatch for ap_[u]int^=ap_[u]int.
WARNING: Bitsize mismatch for ap_[u]int^=ap_[u]int.
WARNING: Bitsize mismatch for ap_[u]int^=ap_[u]int.
WARNING: Bitsize mismatch for ap_[u]int^=ap_[u]int.
WARNING: Bitsize mismatch for ap_[u]int^=ap_[u]int.
WARNING: Bitsize mismatch for ap_[u]int^=ap_[u]int.
WARNING: Bitsize mismatch for ap_[u]int^=ap_[u]int.
WARNING: Bitsize mismatch for ap_[u]int^=ap_[u]int.
WARNING: Bitsize mismatch for ap_[u]int^=ap_[u]int.
WARNING: Bitsize mismatch for ap_[u]int^=ap_[u]int.
WARNING: Bitsize mismatch for ap_[u]int^=ap_[u]int.
WARNING: Bitsize mismatch for ap_[u]int^=ap_[u]int.
WARNING: Bitsize mismatch for ap_[u]int^=ap_[u]int.
WARNING: Bitsize mismatch for ap_[u]int^=ap_[u]int.
WARNING: Bitsize mismatch for ap_[u]int^=ap_[u]int.
WARNING: Bitsize mismatch for ap_[u]int^=ap_[u]int.
WARNING: Bitsize mismatch for ap_[u]int^=ap_[u]int.
WARNING: Bitsize mismatch for ap_[u]int^=ap_[u]int.
WARNING: Bitsize mismatch for ap_[u]int^=ap_[u]int.
WARNING: Bitsize mismatch for ap_[u]int^=ap_[u]int.
WARNING: Bitsize mismatch for ap_[u]int^=ap_[u]int.
WARNING: Bitsize mismatch for ap_[u]int^=ap_[u]int.
WARNING: Bitsize mismatch for ap_[u]int^=ap_[u]int.
WARNING: Bitsize mismatch for ap_[u]int^=ap_[u]int.
WARNING: Bitsize mismatch for ap_[u]int^=ap_[u]int.
WARNING: Bitsize mismatch for ap_[u]int^=ap_[u]int.
WARNING: Bitsize mismatch for ap_[u]int^=ap_[u]int.
WARNING: Bitsize mismatch for ap_[u]int^=ap_[u]int.
WARNING: Bitsize mismatch for ap_[u]int^=ap_[u]int.
WARNING: Bitsize mismatch for ap_[u]int^=ap_[u]int.
WARNING: Bitsize mismatch for ap_[u]int^=ap_[u]int.
WARNING: Bitsize mismatch for ap_[u]int^=ap_[u]int.
WARNING: Bitsize mismatch for ap_[u]int^=ap_[u]int.
WARNING: Bitsize mismatch for ap_[u]int^=ap_[u]int.
WARNING: Bitsize mismatch for ap_[u]int^=ap_[u]int.
WARNING: Bitsize mismatch for ap_[u]int^=ap_[u]int.
WARNING: Bitsize mismatch for ap_[u]int^=ap_[u]int.
WARNING: Bitsize mismatch for ap_[u]int^=ap_[u]int.
WARNING: Bitsize mismatch for ap_[u]int^=ap_[u]int.
WARNING: Bitsize mismatch for ap_[u]int^=ap_[u]int.
WARNING: Bitsize mismatch for ap_[u]int^=ap_[u]int.
WARNING: Bitsize mismatch for ap_[u]int^=ap_[u]int.
WARNING: Bitsize mismatch for ap_[u]int^=ap_[u]int.
WARNING: Bitsize mismatch for ap_[u]int^=ap_[u]int.
WARNING: Bitsize mismatch for ap_[u]int^=ap_[u]int.
WARNING: Bitsize mismatch for ap_[u]int^=ap_[u]int.
WARNING: Bitsize mismatch for ap_[u]int^=ap_[u]int.
WARNING: Bitsize mismatch for ap_[u]int^=ap_[u]int.
WARNING: Bitsize mismatch for ap_[u]int^=ap_[u]int.
WARNING: Bitsize mismatch for ap_[u]int^=ap_[u]int.
WARNING: Bitsize mismatch for ap_[u]int^=ap_[u]int.
WARNING: Bitsize mismatch for ap_[u]int^=ap_[u]int.
WARNING: Bitsize mismatch for ap_[u]int^=ap_[u]int.
WARNING: Bitsize mismatch for ap_[u]int^=ap_[u]int.
WARNING: Bitsize mismatch for ap_[u]int^=ap_[u]int.
WARNING: Bitsize mismatch for ap_[u]int^=ap_[u]int.
WARNING: Bitsize mismatch for ap_[u]int^=ap_[u]int.
WARNING: Bitsize mismatch for ap_[u]int^=ap_[u]int.
WARNING: Bitsize mismatch for ap_[u]int^=ap_[u]int.
WARNING: Bitsize mismatch for ap_[u]int^=ap_[u]int.
WARNING: Bitsize mismatch for ap_[u]int^=ap_[u]int.
WARNING: Bitsize mismatch for ap_[u]int^=ap_[u]int.
WARNING: Bitsize mismatch for ap_[u]int^=ap_[u]int.
WARNING: Bitsize mismatch for ap_[u]int^=ap_[u]int.
WARNING: Bitsize mismatch for ap_[u]int^=ap_[u]int.
WARNING: Bitsize mismatch for ap_[u]int^=ap_[u]int.
WARNING: Bitsize mismatch for ap_[u]int^=ap_[u]int.
WARNING: Bitsize mismatch for ap_[u]int^=ap_[u]int.
WARNING: Bitsize mismatch for ap_[u]int^=ap_[u]int.
WARNING: Bitsize mismatch for ap_[u]int^=ap_[u]int.
WARNING: Bitsize mismatch for ap_[u]int^=ap_[u]int.
WARNING: Bitsize mismatch for ap_[u]int^=ap_[u]int.
WARNING: Bitsize mismatch for ap_[u]int^=ap_[u]int.
WARNING: Bitsize mismatch for ap_[u]int^=ap_[u]int.
WARNING: Bitsize mismatch for ap_[u]int^=ap_[u]int.
WARNING: Bitsize mismatch for ap_[u]int^=ap_[u]int.
WARNING: Bitsize mismatch for ap_[u]int^=ap_[u]int.
WARNING: Bitsize mismatch for ap_[u]int^=ap_[u]int.
WARNING: Bitsize mismatch for ap_[u]int^=ap_[u]int.
WARNING: Bitsize mismatch for ap_[u]int^=ap_[u]int.
WARNING: Bitsize mismatch for ap_[u]int^=ap_[u]int.
WARNING: Bitsize mismatch for ap_[u]int^=ap_[u]int.
WARNING: Bitsize mismatch for ap_[u]int^=ap_[u]int.
WARNING: Bitsize mismatch for ap_[u]int^=ap_[u]int.
WARNING: Bitsize mismatch for ap_[u]int^=ap_[u]int.
WARNING: Bitsize mismatch for ap_[u]int^=ap_[u]int.
WARNING: Bitsize mismatch for ap_[u]int^=ap_[u]int.
WARNING: Bitsize mismatch for ap_[u]int^=ap_[u]int.
WARNING: Bitsize mismatch for ap_[u]int^=ap_[u]int.
WARNING: Bitsize mismatch for ap_[u]int^=ap_[u]int.
WARNING: Bitsize mismatch for ap_[u]int^=ap_[u]int.
WARNING: Bitsize mismatch for ap_[u]int^=ap_[u]int.
WARNING: Bitsize mismatch for ap_[u]int^=ap_[u]int.
WARNING: Bitsize mismatch for ap_[u]int^=ap_[u]int.
WARNING: Bitsize mismatch for ap_[u]int^=ap_[u]int.
WARNING: Bitsize mismatch for ap_[u]int^=ap_[u]int.
WARNING: Bitsize mismatch for ap_[u]int^=ap_[u]int.
WARNING: Bitsize mismatch for ap_[u]int^=ap_[u]int.
WARNING: Bitsize mismatch for ap_[u]int^=ap_[u]int.
WARNING: Bitsize mismatch for ap_[u]int^=ap_[u]int.
WARNING: Bitsize mismatch for ap_[u]int^=ap_[u]int.
WARNING: Bitsize mismatch for ap_[u]int^=ap_[u]int.
WARNING: Bitsize mismatch for ap_[u]int^=ap_[u]int.
WARNING: Bitsize mismatch for ap_[u]int^=ap_[u]int.
WARNING: Bitsize mismatch for ap_[u]int^=ap_[u]int.
WARNING: Bitsize mismatch for ap_[u]int^=ap_[u]int.
WARNING: Bitsize mismatch for ap_[u]int^=ap_[u]int.
WARNING: Bitsize mismatch for ap_[u]int^=ap_[u]int.
WARNING: Bitsize mismatch for ap_[u]int^=ap_[u]int.
WARNING: Bitsize mismatch for ap_[u]int^=ap_[u]int.
WARNING: Bitsize mismatch for ap_[u]int^=ap_[u]int.
WARNING: Bitsize mismatch for ap_[u]int^=ap_[u]int.
WARNING: Bitsize mismatch for ap_[u]int^=ap_[u]int.
WARNING: Bitsize mismatch for ap_[u]int^=ap_[u]int.
WARNING: Bitsize mismatch for ap_[u]int^=ap_[u]int.
WARNING: Bitsize mismatch for ap_[u]int^=ap_[u]int.
WARNING: Bitsize mismatch for ap_[u]int^=ap_[u]int.
WARNING: Bitsize mismatch for ap_[u]int^=ap_[u]int.
WARNING: Bitsize mismatch for ap_[u]int^=ap_[u]int.
WARNING: Bitsize mismatch for ap_[u]int^=ap_[u]int.
WARNING: Bitsize mismatch for ap_[u]int^=ap_[u]int.
WARNING: Bitsize mismatch for ap_[u]int^=ap_[u]int.
WARNING: Bitsize mismatch for ap_[u]int^=ap_[u]int.
WARNING: Bitsize mismatch for ap_[u]int^=ap_[u]int.
WARNING: Bitsize mismatch for ap_[u]int^=ap_[u]int.
WARNING: Bitsize mismatch for ap_[u]int^=ap_[u]int.
WARNING: Bitsize mismatch for ap_[u]int^=ap_[u]int.
WARNING: Bitsize mismatch for ap_[u]int^=ap_[u]int.
WARNING: Bitsize mismatch for ap_[u]int^=ap_[u]int.
WARNING: Bitsize mismatch for ap_[u]int^=ap_[u]int.
WARNING: Bitsize mismatch for ap_[u]int^=ap_[u]int.
WARNING: Bitsize mismatch for ap_[u]int^=ap_[u]int.
WARNING: Bitsize mismatch for ap_[u]int^=ap_[u]int.
WARNING: Bitsize mismatch for ap_[u]int^=ap_[u]int.
WARNING: Bitsize mismatch for ap_[u]int^=ap_[u]int.
WARNING: Bitsize mismatch for ap_[u]int^=ap_[u]int.
WARNING: Bitsize mismatch for ap_[u]int^=ap_[u]int.
WARNING: Bitsize mismatch for ap_[u]int^=ap_[u]int.
WARNING: Bitsize mismatch for ap_[u]int^=ap_[u]int.
WARNING: Bitsize mismatch for ap_[u]int^=ap_[u]int.
WARNING: Bitsize mismatch for ap_[u]int^=ap_[u]int.
WARNING: Bitsize mismatch for ap_[u]int^=ap_[u]int.
WARNING: Bitsize mismatch for ap_[u]int^=ap_[u]int.
WARNING: Bitsize mismatch for ap_[u]int^=ap_[u]int.
WARNING: Bitsize mismatch for ap_[u]int^=ap_[u]int.
WARNING: Bitsize mismatch for ap_[u]int^=ap_[u]int.
WARNING: Bitsize mismatch for ap_[u]int^=ap_[u]int.
WARNING: Bitsize mismatch for ap_[u]int^=ap_[u]int.
WARNING: Bitsize mismatch for ap_[u]int^=ap_[u]int.
WARNING: Bitsize mismatch for ap_[u]int^=ap_[u]int.
WARNING: Bitsize mismatch for ap_[u]int^=ap_[u]int.
WARNING: Bitsize mismatch for ap_[u]int^=ap_[u]int.
WARNING: Bitsize mismatch for ap_[u]int^=ap_[u]int.
WARNING: Bitsize mismatch for ap_[u]int^=ap_[u]int.
WARNING: Bitsize mismatch for ap_[u]int^=ap_[u]int.
WARNING: Bitsize mismatch for ap_[u]int^=ap_[u]int.
WARNING: Bitsize mismatch for ap_[u]int^=ap_[u]int.
WARNING: Bitsize mismatch for ap_[u]int^=ap_[u]int.
WARNING: Bitsize mismatch for ap_[u]int^=ap_[u]int.
WARNING: Bitsize mismatch for ap_[u]int^=ap_[u]int.
WARNING: Bitsize mismatch for ap_[u]int^=ap_[u]int.
WARNING: Bitsize mismatch for ap_[u]int^=ap_[u]int.
WARNING: Bitsize mismatch for ap_[u]int^=ap_[u]int.
WARNING: Bitsize mismatch for ap_[u]int^=ap_[u]int.
WARNING: Bitsize mismatch for ap_[u]int^=ap_[u]int.
WARNING: Bitsize mismatch for ap_[u]int^=ap_[u]int.
WARNING: Bitsize mismatch for ap_[u]int^=ap_[u]int.
WARNING: Bitsize mismatch for ap_[u]int^=ap_[u]int.
WARNING: Bitsize mismatch for ap_[u]int^=ap_[u]int.
WARNING: Bitsize mismatch for ap_[u]int^=ap_[u]int.
WARNING: Bitsize mismatch for ap_[u]int^=ap_[u]int.
WARNING: Bitsize mismatch for ap_[u]int^=ap_[u]int.
WARNING: Bitsize mismatch for ap_[u]int^=ap_[u]int.
WARNING: Bitsize mismatch for ap_[u]int^=ap_[u]int.
WARNING: Bitsize mismatch for ap_[u]int^=ap_[u]int.
WARNING: Bitsize mismatch for ap_[u]int^=ap_[u]int.
WARNING: Bitsize mismatch for ap_[u]int^=ap_[u]int.
WARNING: Bitsize mismatch for ap_[u]int^=ap_[u]int.
WARNING: Bitsize mismatch for ap_[u]int^=ap_[u]int.
WARNING: Bitsize mismatch for ap_[u]int^=ap_[u]int.
WARNING: Bitsize mismatch for ap_[u]int^=ap_[u]int.
WARNING: Bitsize mismatch for ap_[u]int^=ap_[u]int.
WARNING: Bitsize mismatch for ap_[u]int^=ap_[u]int.
WARNING: Bitsize mismatch for ap_[u]int^=ap_[u]int.
WARNING: Bitsize mismatch for ap_[u]int^=ap_[u]int.
WARNING: Bitsize mismatch for ap_[u]int^=ap_[u]int.
WARNING: Bitsize mismatch for ap_[u]int^=ap_[u]int.
WARNING: Bitsize mismatch for ap_[u]int^=ap_[u]int.
WARNING: Bitsize mismatch for ap_[u]int^=ap_[u]int.
WARNING: Bitsize mismatch for ap_[u]int^=ap_[u]int.
WARNING: Bitsize mismatch for ap_[u]int^=ap_[u]int.
WARNING: Bitsize mismatch for ap_[u]int^=ap_[u]int.
WARNING: Bitsize mismatch for ap_[u]int^=ap_[u]int.
WARNING: Bitsize mismatch for ap_[u]int^=ap_[u]int.
WARNING: Bitsize mismatch for ap_[u]int^=ap_[u]int.
WARNING: Bitsize mismatch for ap_[u]int^=ap_[u]int.
WARNING: Bitsize mismatch for ap_[u]int^=ap_[u]int.
WARNING: Bitsize mismatch for ap_[u]int^=ap_[u]int.
WARNING: Bitsize mismatch for ap_[u]int^=ap_[u]int.
WARNING: Bitsize mismatch for ap_[u]int^=ap_[u]int.
WARNING: Bitsize mismatch for ap_[u]int^=ap_[u]int.
WARNING: Bitsize mismatch for ap_[u]int^=ap_[u]int.
WARNING: Bitsize mismatch for ap_[u]int^=ap_[u]int.
WARNING: Bitsize mismatch for ap_[u]int^=ap_[u]int.
WARNING: Bitsize mismatch for ap_[u]int^=ap_[u]int.
WARNING: Bitsize mismatch for ap_[u]int^=ap_[u]int.
WARNING: Bitsize mismatch for ap_[u]int^=ap_[u]int.
WARNING: Bitsize mismatch for ap_[u]int^=ap_[u]int.
WARNING: Bitsize mismatch for ap_[u]int^=ap_[u]int.
WARNING: Bitsize mismatch for ap_[u]int^=ap_[u]int.
WARNING: Bitsize mismatch for ap_[u]int^=ap_[u]int.
WARNING: Bitsize mismatch for ap_[u]int^=ap_[u]int.
WARNING: Bitsize mismatch for ap_[u]int^=ap_[u]int.
WARNING: Bitsize mismatch for ap_[u]int^=ap_[u]int.
WARNING: Bitsize mismatch for ap_[u]int^=ap_[u]int.
WARNING: Bitsize mismatch for ap_[u]int^=ap_[u]int.
WARNING: Bitsize mismatch for ap_[u]int^=ap_[u]int.
WARNING: Bitsize mismatch for ap_[u]int^=ap_[u]int.
WARNING: Bitsize mismatch for ap_[u]int^=ap_[u]int.
WARNING: Bitsize mismatch for ap_[u]int^=ap_[u]int.
WARNING: Bitsize mismatch for ap_[u]int^=ap_[u]int.
WARNING: Bitsize mismatch for ap_[u]int^=ap_[u]int.
WARNING: Bitsize mismatch for ap_[u]int^=ap_[u]int.
WARNING: Bitsize mismatch for ap_[u]int^=ap_[u]int.
WARNING: Bitsize mismatch for ap_[u]int^=ap_[u]int.
WARNING: Bitsize mismatch for ap_[u]int^=ap_[u]int.
WARNING: Bitsize mismatch for ap_[u]int^=ap_[u]int.
WARNING: Bitsize mismatch for ap_[u]int^=ap_[u]int.
WARNING: Bitsize mismatch for ap_[u]int^=ap_[u]int.
WARNING: Bitsize mismatch for ap_[u]int^=ap_[u]int.
WARNING: Bitsize mismatch for ap_[u]int^=ap_[u]int.
WARNING: Bitsize mismatch for ap_[u]int^=ap_[u]int.
WARNING: Bitsize mismatch for ap_[u]int^=ap_[u]int.
WARNING: Bitsize mismatch for ap_[u]int^=ap_[u]int.
WARNING: Bitsize mismatch for ap_[u]int^=ap_[u]int.
WARNING: Bitsize mismatch for ap_[u]int^=ap_[u]int.
WARNING: Bitsize mismatch for ap_[u]int^=ap_[u]int.
WARNING: Bitsize mismatch for ap_[u]int^=ap_[u]int.
WARNING: Bitsize mismatch for ap_[u]int^=ap_[u]int.
WARNING: Bitsize mismatch for ap_[u]int^=ap_[u]int.
WARNING: Bitsize mismatch for ap_[u]int^=ap_[u]int.
WARNING: Bitsize mismatch for ap_[u]int^=ap_[u]int.
WARNING: Bitsize mismatch for ap_[u]int^=ap_[u]int.
WARNING: Bitsize mismatch for ap_[u]int^=ap_[u]int.
WARNING: Bitsize mismatch for ap_[u]int^=ap_[u]int.
WARNING: Bitsize mismatch for ap_[u]int^=ap_[u]int.
WARNING: Bitsize mismatch for ap_[u]int^=ap_[u]int.
WARNING: Bitsize mismatch for ap_[u]int^=ap_[u]int.
WARNING: Bitsize mismatch for ap_[u]int^=ap_[u]int.
WARNING: Bitsize mismatch for ap_[u]int^=ap_[u]int.
WARNING: Bitsize mismatch for ap_[u]int^=ap_[u]int.
WARNING: Bitsize mismatch for ap_[u]int^=ap_[u]int.
WARNING: Bitsize mismatch for ap_[u]int^=ap_[u]int.
WARNING: Bitsize mismatch for ap_[u]int^=ap_[u]int.
WARNING: Bitsize mismatch for ap_[u]int^=ap_[u]int.
WARNING: Bitsize mismatch for ap_[u]int^=ap_[u]int.
WARNING: Bitsize mismatch for ap_[u]int^=ap_[u]int.
WARNING: Bitsize mismatch for ap_[u]int^=ap_[u]int.
WARNING: Bitsize mismatch for ap_[u]int^=ap_[u]int.
WARNING: Bitsize mismatch for ap_[u]int^=ap_[u]int.
WARNING: Bitsize mismatch for ap_[u]int^=ap_[u]int.
WARNING: Bitsize mismatch for ap_[u]int^=ap_[u]int.
WARNING: Bitsize mismatch for ap_[u]int^=ap_[u]int.
WARNING: Bitsize mismatch for ap_[u]int^=ap_[u]int.
WARNING: Bitsize mismatch for ap_[u]int^=ap_[u]int.
WARNING: Bitsize mismatch for ap_[u]int^=ap_[u]int.
WARNING: Bitsize mismatch for ap_[u]int^=ap_[u]int.
WARNING: Bitsize mismatch for ap_[u]int^=ap_[u]int.
WARNING: Bitsize mismatch for ap_[u]int^=ap_[u]int.
WARNING: Bitsize mismatch for ap_[u]int^=ap_[u]int.
WARNING: Bitsize mismatch for ap_[u]int^=ap_[u]int.
WARNING: Bitsize mismatch for ap_[u]int^=ap_[u]int.
WARNING: Bitsize mismatch for ap_[u]int^=ap_[u]int.
WARNING: Bitsize mismatch for ap_[u]int^=ap_[u]int.
WARNING: Bitsize mismatch for ap_[u]int^=ap_[u]int.
WARNING: Bitsize mismatch for ap_[u]int^=ap_[u]int.
WARNING: Bitsize mismatch for ap_[u]int^=ap_[u]int.
WARNING: Bitsize mismatch for ap_[u]int^=ap_[u]int.
WARNING: Bitsize mismatch for ap_[u]int^=ap_[u]int.
WARNING: Bitsize mismatch for ap_[u]int^=ap_[u]int.
WARNING: Bitsize mismatch for ap_[u]int^=ap_[u]int.
WARNING: Bitsize mismatch for ap_[u]int^=ap_[u]int.
WARNING: Bitsize mismatch for ap_[u]int^=ap_[u]int.
WARNING: Bitsize mismatch for ap_[u]int^=ap_[u]int.
WARNING: Bitsize mismatch for ap_[u]int^=ap_[u]int.
WARNING: Bitsize mismatch for ap_[u]int^=ap_[u]int.
WARNING: Bitsize mismatch for ap_[u]int^=ap_[u]int.
WARNING: Bitsize mismatch for ap_[u]int^=ap_[u]int.
WARNING: Bitsize mismatch for ap_[u]int^=ap_[u]int.
WARNING: Bitsize mismatch for ap_[u]int^=ap_[u]int.
WARNING: Bitsize mismatch for ap_[u]int^=ap_[u]int.
WARNING: Bitsize mismatch for ap_[u]int^=ap_[u]int.
WARNING: Bitsize mismatch for ap_[u]int^=ap_[u]int.
WARNING: Bitsize mismatch for ap_[u]int^=ap_[u]int.
WARNING: Bitsize mismatch for ap_[u]int^=ap_[u]int.
WARNING: Bitsize mismatch for ap_[u]int^=ap_[u]int.
WARNING: Bitsize mismatch for ap_[u]int^=ap_[u]int.
WARNING: Bitsize mismatch for ap_[u]int^=ap_[u]int.
WARNING: Bitsize mismatch for ap_[u]int^=ap_[u]int.
WARNING: Bitsize mismatch for ap_[u]int^=ap_[u]int.
WARNING: Bitsize mismatch for ap_[u]int^=ap_[u]int.
WARNING: Bitsize mismatch for ap_[u]int^=ap_[u]int.
WARNING: Bitsize mismatch for ap_[u]int^=ap_[u]int.
WARNING: Bitsize mismatch for ap_[u]int^=ap_[u]int.
WARNING: Bitsize mismatch for ap_[u]int^=ap_[u]int.
WARNING: Bitsize mismatch for ap_[u]int^=ap_[u]int.
WARNING: Bitsize mismatch for ap_[u]int^=ap_[u]int.
WARNING: Bitsize mismatch for ap_[u]int^=ap_[u]int.
WARNING: Bitsize mismatch for ap_[u]int^=ap_[u]int.
WARNING: Bitsize mismatch for ap_[u]int^=ap_[u]int.
WARNING: Bitsize mismatch for ap_[u]int^=ap_[u]int.
WARNING: Bitsize mismatch for ap_[u]int^=ap_[u]int.
WARNING: Bitsize mismatch for ap_[u]int^=ap_[u]int.
WARNING: Bitsize mismatch for ap_[u]int^=ap_[u]int.
WARNING: Bitsize mismatch for ap_[u]int^=ap_[u]int.
WARNING: Bitsize mismatch for ap_[u]int^=ap_[u]int.
WARNING: Bitsize mismatch for ap_[u]int^=ap_[u]int.
WARNING: Bitsize mismatch for ap_[u]int^=ap_[u]int.
WARNING: Bitsize mismatch for ap_[u]int^=ap_[u]int.
WARNING: Bitsize mismatch for ap_[u]int^=ap_[u]int.
WARNING: Bitsize mismatch for ap_[u]int^=ap_[u]int.
WARNING: Bitsize mismatch for ap_[u]int^=ap_[u]int.
WARNING: Bitsize mismatch for ap_[u]int^=ap_[u]int.
WARNING: Bitsize mismatch for ap_[u]int^=ap_[u]int.
WARNING: Bitsize mismatch for ap_[u]int^=ap_[u]int.
WARNING: Bitsize mismatch for ap_[u]int^=ap_[u]int.
WARNING: Bitsize mismatch for ap_[u]int^=ap_[u]int.
WARNING: Bitsize mismatch for ap_[u]int^=ap_[u]int.
WARNING: Bitsize mismatch for ap_[u]int^=ap_[u]int.
WARNING: Bitsize mismatch for ap_[u]int^=ap_[u]int.
WARNING: Bitsize mismatch for ap_[u]int^=ap_[u]int.
WARNING: Bitsize mismatch for ap_[u]int^=ap_[u]int.
WARNING: Bitsize mismatch for ap_[u]int^=ap_[u]int.
WARNING: Bitsize mismatch for ap_[u]int^=ap_[u]int.
WARNING: Bitsize mismatch for ap_[u]int^=ap_[u]int.
WARNING: Bitsize mismatch for ap_[u]int^=ap_[u]int.
WARNING: Bitsize mismatch for ap_[u]int^=ap_[u]int.
WARNING: Bitsize mismatch for ap_[u]int^=ap_[u]int.
WARNING: Bitsize mismatch for ap_[u]int^=ap_[u]int.
WARNING: Bitsize mismatch for ap_[u]int^=ap_[u]int.
WARNING: Bitsize mismatch for ap_[u]int^=ap_[u]int.
WARNING: Bitsize mismatch for ap_[u]int^=ap_[u]int.
WARNING: Bitsize mismatch for ap_[u]int^=ap_[u]int.
WARNING: Bitsize mismatch for ap_[u]int^=ap_[u]int.
WARNING: Bitsize mismatch for ap_[u]int^=ap_[u]int.
WARNING: Bitsize mismatch for ap_[u]int^=ap_[u]int.
WARNING: Bitsize mismatch for ap_[u]int^=ap_[u]int.
WARNING: Bitsize mismatch for ap_[u]int^=ap_[u]int.
WARNING: Bitsize mismatch for ap_[u]int^=ap_[u]int.
WARNING: Bitsize mismatch for ap_[u]int^=ap_[u]int.
WARNING: Bitsize mismatch for ap_[u]int^=ap_[u]int.
WARNING: Bitsize mismatch for ap_[u]int^=ap_[u]int.
WARNING: Bitsize mismatch for ap_[u]int^=ap_[u]int.
WARNING: Bitsize mismatch for ap_[u]int^=ap_[u]int.
WARNING: Bitsize mismatch for ap_[u]int^=ap_[u]int.
WARNING: Bitsize mismatch for ap_[u]int^=ap_[u]int.
WARNING: Bitsize mismatch for ap_[u]int^=ap_[u]int.
Encrypted output:
39 25 84 1d 02 dc 09 fb dc 11 85 97 19 6a 0b 32 

Test PASSED ✅
INFO: [SIM 211-1] CSim done with 0 errors.
INFO: [SIM 211-3] *************** CSIM finish ***************
